
--- Job RE15.gms Start 02/17/24 16:27:50 45.7.0 64fbf3ce WEX-WEI x86 64bit/MS Windows
--- Applying:
    C:\GAMS\45\gmsprmNT.txt
--- GAMS Parameters defined
    Input "C:\Users\Nishant\Downloads\SEMINAR WORK FOLDER - BALA -20240217T095056Z-001\SEMINAR WORK FOLDER - BALA\GAMS\RE15.gms"
    PageSize 0
    ScrDir "C:\Users\Nishant\Downloads\SEMINAR WORK FOLDER - BALA -20240217T095056Z-001\SEMINAR WORK FOLDER - BALA\225a\"
    SysDir C:\GAMS\45\
    LogOption 3
    ErrMsg 1
    ErrorLog 99
    IDE 1
    LstTitleLeftAligned 1
Licensee: GAMS Community License for Nishant Garg        G240217|0002AO-GEN
          Malaviya National Institute of Technology, Center for EnerCL10576
          C:\Users\Nishant\Documents\GAMS\gamslice.txt
          Nishant Garg, 2020ucp1869@mnit.ac.in                             
          Community license for demonstration and instructional purposes only
Processor information: 1 socket(s), 8 core(s), and 12 thread(s) available
GAMS 45.7.0   Copyright (C) 1987-2024 GAMS Development. All rights reserved
--- Starting compilation
--- RE15.gms(96) 3 Mb
--- call GDXXRW TN_prelim_data11.xlsx Par=Gen_Data rng=Gdetails1!A1:H43 Rdim=1 Cdim=1

GDXXRW           45.7.0 64fbf3ce Jan 18, 2024          WEI x86 64bit/MS Window
Input file : C:\Users\Nishant\Downloads\SEMINAR WORK FOLDER - BALA -20240217T095056Z-001\SEMINAR WORK FOLDER - BALA\TN_prelim_data11.xlsx
Output file: C:\Users\Nishant\Downloads\SEMINAR WORK FOLDER - BALA -20240217T095056Z-001\SEMINAR WORK FOLDER - BALA\TN_prelim_data11.gdx
Total time = 1484 Ms
--- RE15.gms(97) 3 Mb
--- GDXin=C:\Users\Nishant\Downloads\SEMINAR WORK FOLDER - BALA -20240217T095056Z-001\SEMINAR WORK FOLDER - BALA\TN_prelim_data11.gdx
--- GDX File ($gdxIn) C:\Users\Nishant\Downloads\SEMINAR WORK FOLDER - BALA -20240217T095056Z-001\SEMINAR WORK FOLDER - BALA\TN_prelim_data11.gdx
--- RE15.gms(102) 3 Mb
--- call GDXXRW TN_prelim_data11.xlsx  Par=demand1 rng=Demand_Data!A1:B97 Rdim=1 Cdim=1

GDXXRW           45.7.0 64fbf3ce Jan 18, 2024          WEI x86 64bit/MS Window
Input file : C:\Users\Nishant\Downloads\SEMINAR WORK FOLDER - BALA -20240217T095056Z-001\SEMINAR WORK FOLDER - BALA\TN_prelim_data11.xlsx
Output file: C:\Users\Nishant\Downloads\SEMINAR WORK FOLDER - BALA -20240217T095056Z-001\SEMINAR WORK FOLDER - BALA\TN_prelim_data11.gdx
Total time = 1297 Ms
--- RE15.gms(103) 3 Mb
--- GDXin=C:\Users\Nishant\Downloads\SEMINAR WORK FOLDER - BALA -20240217T095056Z-001\SEMINAR WORK FOLDER - BALA\TN_prelim_data11.gdx
--- GDX File ($gdxIn) C:\Users\Nishant\Downloads\SEMINAR WORK FOLDER - BALA -20240217T095056Z-001\SEMINAR WORK FOLDER - BALA\TN_prelim_data11.gdx
--- RE15.gms(107) 3 Mb
--- call GDXXRW TN_prelim_data11.xlsx  Par=PV_Act rng=PV_Data!A1:B97 Rdim=1 Cdim=1

GDXXRW           45.7.0 64fbf3ce Jan 18, 2024          WEI x86 64bit/MS Window
Input file : C:\Users\Nishant\Downloads\SEMINAR WORK FOLDER - BALA -20240217T095056Z-001\SEMINAR WORK FOLDER - BALA\TN_prelim_data11.xlsx
Output file: C:\Users\Nishant\Downloads\SEMINAR WORK FOLDER - BALA -20240217T095056Z-001\SEMINAR WORK FOLDER - BALA\TN_prelim_data11.gdx
Total time = 1562 Ms
--- RE15.gms(108) 3 Mb
--- GDXin=C:\Users\Nishant\Downloads\SEMINAR WORK FOLDER - BALA -20240217T095056Z-001\SEMINAR WORK FOLDER - BALA\TN_prelim_data11.gdx
--- GDX File ($gdxIn) C:\Users\Nishant\Downloads\SEMINAR WORK FOLDER - BALA -20240217T095056Z-001\SEMINAR WORK FOLDER - BALA\TN_prelim_data11.gdx
--- RE15.gms(112) 3 Mb
--- call GDXXRW TN_prelim_data11.xlsx  Par=Wind_Act rng=Wind_Data!A1:B97 Rdim=1 Cdim=1

GDXXRW           45.7.0 64fbf3ce Jan 18, 2024          WEI x86 64bit/MS Window
Input file : C:\Users\Nishant\Downloads\SEMINAR WORK FOLDER - BALA -20240217T095056Z-001\SEMINAR WORK FOLDER - BALA\TN_prelim_data11.xlsx
Output file: C:\Users\Nishant\Downloads\SEMINAR WORK FOLDER - BALA -20240217T095056Z-001\SEMINAR WORK FOLDER - BALA\TN_prelim_data11.gdx
Total time = 1359 Ms
--- RE15.gms(113) 3 Mb
--- GDXin=C:\Users\Nishant\Downloads\SEMINAR WORK FOLDER - BALA -20240217T095056Z-001\SEMINAR WORK FOLDER - BALA\TN_prelim_data11.gdx
--- GDX File ($gdxIn) C:\Users\Nishant\Downloads\SEMINAR WORK FOLDER - BALA -20240217T095056Z-001\SEMINAR WORK FOLDER - BALA\TN_prelim_data11.gdx
--- RE15.gms(117) 3 Mb
--- call GDXXRW TN_prelim_data11.xlsx  Par=Hydro_Data rng=Hydro_Data!A1:Q5 Rdim=1 Cdim=1

GDXXRW           45.7.0 64fbf3ce Jan 18, 2024          WEI x86 64bit/MS Window
Input file : C:\Users\Nishant\Downloads\SEMINAR WORK FOLDER - BALA -20240217T095056Z-001\SEMINAR WORK FOLDER - BALA\TN_prelim_data11.xlsx
Output file: C:\Users\Nishant\Downloads\SEMINAR WORK FOLDER - BALA -20240217T095056Z-001\SEMINAR WORK FOLDER - BALA\TN_prelim_data11.gdx
Total time = 1328 Ms
--- RE15.gms(118) 3 Mb
--- GDXin=C:\Users\Nishant\Downloads\SEMINAR WORK FOLDER - BALA -20240217T095056Z-001\SEMINAR WORK FOLDER - BALA\TN_prelim_data11.gdx
--- GDX File ($gdxIn) C:\Users\Nishant\Downloads\SEMINAR WORK FOLDER - BALA -20240217T095056Z-001\SEMINAR WORK FOLDER - BALA\TN_prelim_data11.gdx
--- RE15.gms(122) 3 Mb
--- call GDXXRW TN_prelim_data11.xlsx  Par=Hydro_flow rng=Hydro_flow!A1:E97 Rdim=1 Cdim=1

GDXXRW           45.7.0 64fbf3ce Jan 18, 2024          WEI x86 64bit/MS Window
Input file : C:\Users\Nishant\Downloads\SEMINAR WORK FOLDER - BALA -20240217T095056Z-001\SEMINAR WORK FOLDER - BALA\TN_prelim_data11.xlsx
Output file: C:\Users\Nishant\Downloads\SEMINAR WORK FOLDER - BALA -20240217T095056Z-001\SEMINAR WORK FOLDER - BALA\TN_prelim_data11.gdx
Total time = 1359 Ms
--- RE15.gms(123) 3 Mb
--- GDXin=C:\Users\Nishant\Downloads\SEMINAR WORK FOLDER - BALA -20240217T095056Z-001\SEMINAR WORK FOLDER - BALA\TN_prelim_data11.gdx
--- GDX File ($gdxIn) C:\Users\Nishant\Downloads\SEMINAR WORK FOLDER - BALA -20240217T095056Z-001\SEMINAR WORK FOLDER - BALA\TN_prelim_data11.gdx
--- RE15.gms(127) 3 Mb
--- call GDXXRW TN_prelim_data11.xlsx  Par=PX_Data rng=PX_Data!A1:E16 Rdim=1 Cdim=1

GDXXRW           45.7.0 64fbf3ce Jan 18, 2024          WEI x86 64bit/MS Window
Input file : C:\Users\Nishant\Downloads\SEMINAR WORK FOLDER - BALA -20240217T095056Z-001\SEMINAR WORK FOLDER - BALA\TN_prelim_data11.xlsx
Output file: C:\Users\Nishant\Downloads\SEMINAR WORK FOLDER - BALA -20240217T095056Z-001\SEMINAR WORK FOLDER - BALA\TN_prelim_data11.gdx
Total time = 1406 Ms
--- RE15.gms(128) 3 Mb
--- GDXin=C:\Users\Nishant\Downloads\SEMINAR WORK FOLDER - BALA -20240217T095056Z-001\SEMINAR WORK FOLDER - BALA\TN_prelim_data11.gdx
--- GDX File ($gdxIn) C:\Users\Nishant\Downloads\SEMINAR WORK FOLDER - BALA -20240217T095056Z-001\SEMINAR WORK FOLDER - BALA\TN_prelim_data11.gdx
--- RE15.gms(132) 3 Mb
--- call GDXXRW TN_prelim_data11.xlsx  Par=PX_Cost rng=PX_Cost!A1:B16  Rdim=1 Cdim=1

GDXXRW           45.7.0 64fbf3ce Jan 18, 2024          WEI x86 64bit/MS Window
Input file : C:\Users\Nishant\Downloads\SEMINAR WORK FOLDER - BALA -20240217T095056Z-001\SEMINAR WORK FOLDER - BALA\TN_prelim_data11.xlsx
Output file: C:\Users\Nishant\Downloads\SEMINAR WORK FOLDER - BALA -20240217T095056Z-001\SEMINAR WORK FOLDER - BALA\TN_prelim_data11.gdx
Total time = 1406 Ms
--- RE15.gms(133) 3 Mb
--- GDXin=C:\Users\Nishant\Downloads\SEMINAR WORK FOLDER - BALA -20240217T095056Z-001\SEMINAR WORK FOLDER - BALA\TN_prelim_data11.gdx
--- GDX File ($gdxIn) C:\Users\Nishant\Downloads\SEMINAR WORK FOLDER - BALA -20240217T095056Z-001\SEMINAR WORK FOLDER - BALA\TN_prelim_data11.gdx
--- RE15.gms(137) 3 Mb
--- call GDXXRW TN_prelim_data11.xlsx  Par=PX_Avail rng=PX_CA!A1:CS16 Rdim=1 Cdim=1

GDXXRW           45.7.0 64fbf3ce Jan 18, 2024          WEI x86 64bit/MS Window
Input file : C:\Users\Nishant\Downloads\SEMINAR WORK FOLDER - BALA -20240217T095056Z-001\SEMINAR WORK FOLDER - BALA\TN_prelim_data11.xlsx
Output file: C:\Users\Nishant\Downloads\SEMINAR WORK FOLDER - BALA -20240217T095056Z-001\SEMINAR WORK FOLDER - BALA\TN_prelim_data11.gdx
Total time = 1453 Ms
--- RE15.gms(138) 3 Mb
--- GDXin=C:\Users\Nishant\Downloads\SEMINAR WORK FOLDER - BALA -20240217T095056Z-001\SEMINAR WORK FOLDER - BALA\TN_prelim_data11.gdx
--- GDX File ($gdxIn) C:\Users\Nishant\Downloads\SEMINAR WORK FOLDER - BALA -20240217T095056Z-001\SEMINAR WORK FOLDER - BALA\TN_prelim_data11.gdx
--- RE15.gms(142) 3 Mb
--- call GDXXRW TN_prelim_data11.xlsx  Par=DSM_cost rng=DSM_Data!C1:D97 Rdim=1 Cdim=1

GDXXRW           45.7.0 64fbf3ce Jan 18, 2024          WEI x86 64bit/MS Window
Input file : C:\Users\Nishant\Downloads\SEMINAR WORK FOLDER - BALA -20240217T095056Z-001\SEMINAR WORK FOLDER - BALA\TN_prelim_data11.xlsx
Output file: C:\Users\Nishant\Downloads\SEMINAR WORK FOLDER - BALA -20240217T095056Z-001\SEMINAR WORK FOLDER - BALA\TN_prelim_data11.gdx
Total time = 1297 Ms
--- RE15.gms(143) 3 Mb
--- GDXin=C:\Users\Nishant\Downloads\SEMINAR WORK FOLDER - BALA -20240217T095056Z-001\SEMINAR WORK FOLDER - BALA\TN_prelim_data11.gdx
--- GDX File ($gdxIn) C:\Users\Nishant\Downloads\SEMINAR WORK FOLDER - BALA -20240217T095056Z-001\SEMINAR WORK FOLDER - BALA\TN_prelim_data11.gdx
--- RE15.gms(147) 3 Mb
--- call GDXXRW TN_prelim_data11.xlsx  Par=REC_Data rng=REC_Data!A1:C97 Rdim=1 Cdim=1

GDXXRW           45.7.0 64fbf3ce Jan 18, 2024          WEI x86 64bit/MS Window
Input file : C:\Users\Nishant\Downloads\SEMINAR WORK FOLDER - BALA -20240217T095056Z-001\SEMINAR WORK FOLDER - BALA\TN_prelim_data11.xlsx
Output file: C:\Users\Nishant\Downloads\SEMINAR WORK FOLDER - BALA -20240217T095056Z-001\SEMINAR WORK FOLDER - BALA\TN_prelim_data11.gdx
Total time = 1406 Ms
--- RE15.gms(148) 3 Mb
--- GDXin=C:\Users\Nishant\Downloads\SEMINAR WORK FOLDER - BALA -20240217T095056Z-001\SEMINAR WORK FOLDER - BALA\TN_prelim_data11.gdx
--- GDX File ($gdxIn) C:\Users\Nishant\Downloads\SEMINAR WORK FOLDER - BALA -20240217T095056Z-001\SEMINAR WORK FOLDER - BALA\TN_prelim_data11.gdx
--- RE15.gms(152) 3 Mb
--- call GDXXRW TN_prelim_data11.xlsx  Par=DAM_Data rng=DAM_Data!A1:B97 Rdim=1 Cdim=1

GDXXRW           45.7.0 64fbf3ce Jan 18, 2024          WEI x86 64bit/MS Window
Input file : C:\Users\Nishant\Downloads\SEMINAR WORK FOLDER - BALA -20240217T095056Z-001\SEMINAR WORK FOLDER - BALA\TN_prelim_data11.xlsx
Output file: C:\Users\Nishant\Downloads\SEMINAR WORK FOLDER - BALA -20240217T095056Z-001\SEMINAR WORK FOLDER - BALA\TN_prelim_data11.gdx
Total time = 1500 Ms
--- RE15.gms(153) 3 Mb
--- GDXin=C:\Users\Nishant\Downloads\SEMINAR WORK FOLDER - BALA -20240217T095056Z-001\SEMINAR WORK FOLDER - BALA\TN_prelim_data11.gdx
--- GDX File ($gdxIn) C:\Users\Nishant\Downloads\SEMINAR WORK FOLDER - BALA -20240217T095056Z-001\SEMINAR WORK FOLDER - BALA\TN_prelim_data11.gdx
--- RE15.gms(157) 3 Mb
--- call GDXXRW TN_prelim_data11.xlsx  Par=RTM_Data rng=RTM_Data!A1:B97 Rdim=1 Cdim=1

GDXXRW           45.7.0 64fbf3ce Jan 18, 2024          WEI x86 64bit/MS Window
Input file : C:\Users\Nishant\Downloads\SEMINAR WORK FOLDER - BALA -20240217T095056Z-001\SEMINAR WORK FOLDER - BALA\TN_prelim_data11.xlsx
Output file: C:\Users\Nishant\Downloads\SEMINAR WORK FOLDER - BALA -20240217T095056Z-001\SEMINAR WORK FOLDER - BALA\TN_prelim_data11.gdx
Total time = 1390 Ms
--- RE15.gms(158) 3 Mb
--- GDXin=C:\Users\Nishant\Downloads\SEMINAR WORK FOLDER - BALA -20240217T095056Z-001\SEMINAR WORK FOLDER - BALA\TN_prelim_data11.gdx
--- GDX File ($gdxIn) C:\Users\Nishant\Downloads\SEMINAR WORK FOLDER - BALA -20240217T095056Z-001\SEMINAR WORK FOLDER - BALA\TN_prelim_data11.gdx
--- RE15.gms(162) 3 Mb
--- call GDXXRW TN_prelim_data11.xlsx  Par=Risk_Data rng=Risk_Data!A2:P97 Rdim=1 Cdim=1

GDXXRW           45.7.0 64fbf3ce Jan 18, 2024          WEI x86 64bit/MS Window
Input file : C:\Users\Nishant\Downloads\SEMINAR WORK FOLDER - BALA -20240217T095056Z-001\SEMINAR WORK FOLDER - BALA\TN_prelim_data11.xlsx
Output file: C:\Users\Nishant\Downloads\SEMINAR WORK FOLDER - BALA -20240217T095056Z-001\SEMINAR WORK FOLDER - BALA\TN_prelim_data11.gdx
Total time = 1359 Ms
--- RE15.gms(163) 3 Mb
--- GDXin=C:\Users\Nishant\Downloads\SEMINAR WORK FOLDER - BALA -20240217T095056Z-001\SEMINAR WORK FOLDER - BALA\TN_prelim_data11.gdx
--- GDX File ($gdxIn) C:\Users\Nishant\Downloads\SEMINAR WORK FOLDER - BALA -20240217T095056Z-001\SEMINAR WORK FOLDER - BALA\TN_prelim_data11.gdx
--- RE15.gms(401) 3 Mb
--- Starting execution: elapsed 0:00:22.428
--- RE15.gms(363) 4 Mb
--- Generating MINLP model RE15
--- RE15.gms(383) 27 Mb
--- LOOPS counter = 1
---   83,241 rows  11,865 columns  247,070 non-zeroes
---   1,729 nl-code  570 nl-non-zeroes
---   4,256 discrete-columns
--- Range statistics (absolute non-zero finite values)
--- RHS       [min, max] : [ 1.000E+00, 1.102E+06] - Zero values observed as well
--- Bound     [min, max] : [ 1.000E+00, 6.109E+03] - Zero values observed as well
--- Matrix    [min, max] : [ 1.000E-09, 1.200E+03] - Zero values observed as well
*** The model exceeds the community license limits for nonlinear models of more than 2500 rows or columns
    As an academic user, you can submit large models to the NEOS service for free (see https://www.gams.com/neos)
    Alternatively, feel free to contact sales@gams.com to discuss your options
*** Status: Terminated due to a licensing error
***         License file: C:\Users\Nishant\Documents\GAMS\gamslice.txt
***         Inspect listing file for more information.
--- Job RE15.gms Stop 02/17/24 16:28:13 elapsed 0:00:22.759
